Determining if the pthread_create exist failed with the following output:
Change Dir: /home/juntae/CarND-Capstone/ros/build/CMakeFiles/CMakeTmp

Run Build Command:"/usr/bin/make" "cmTC_c7f8d/fast"
/usr/bin/make -f CMakeFiles/cmTC_c7f8d.dir/build.make CMakeFiles/cmTC_c7f8d.dir/build
make[1]: Entering directory '/home/juntae/CarND-Capstone/ros/build/CMakeFiles/CMakeTmp'
Building C object CMakeFiles/cmTC_c7f8d.dir/CheckSymbolExists.c.o
/usr/bin/cc     -o CMakeFiles/cmTC_c7f8d.dir/CheckSymbolExists.c.o   -c /home/juntae/CarND-Capstone/ros/build/CMakeFiles/CMakeTmp/CheckSymbolExists.c
Linking C executable cmTC_c7f8d
/usr/bin/cmake -E cmake_link_script CMakeFiles/cmTC_c7f8d.dir/link.txt --verbose=1
/usr/bin/cc       CMakeFiles/cmTC_c7f8d.dir/CheckSymbolExists.c.o  -o cmTC_c7f8d -rdynamic 
CMakeFiles/cmTC_c7f8d.dir/CheckSymbolExists.c.o: In function `main':
CheckSymbolExists.c:(.text+0x16): undefined reference to `pthread_create'
collect2: error: ld returned 1 exit status
CMakeFiles/cmTC_c7f8d.dir/build.make:97: recipe for target 'cmTC_c7f8d' failed
make[1]: *** [cmTC_c7f8d] Error 1
make[1]: Leaving directory '/home/juntae/CarND-Capstone/ros/build/CMakeFiles/CMakeTmp'
Makefile:126: recipe for target 'cmTC_c7f8d/fast' failed
make: *** [cmTC_c7f8d/fast] Error 2

File /home/juntae/CarND-Capstone/ros/build/CMakeFiles/CMakeTmp/CheckSymbolExists.c:
/* */
#include <pthread.h>

int main(int argc, char** argv)
{
  (void)argv;
#ifndef pthread_create
  return ((int*)(&pthread_create))[argc];
#else
  (void)argc;
  return 0;
#endif
}

Determining if the function pthread_create exists in the pthreads failed with the following output:
Change Dir: /home/juntae/CarND-Capstone/ros/build/CMakeFiles/CMakeTmp

Run Build Command:"/usr/bin/make" "cmTC_8712a/fast"
/usr/bin/make -f CMakeFiles/cmTC_8712a.dir/build.make CMakeFiles/cmTC_8712a.dir/build
make[1]: Entering directory '/home/juntae/CarND-Capstone/ros/build/CMakeFiles/CMakeTmp'
Building C object CMakeFiles/cmTC_8712a.dir/CheckFunctionExists.c.o
/usr/bin/cc    -DCHECK_FUNCTION_EXISTS=pthread_create   -o CMakeFiles/cmTC_8712a.dir/CheckFunctionExists.c.o   -c /usr/share/cmake-3.5/Modules/CheckFunctionExists.c
Linking C executable cmTC_8712a
/usr/bin/cmake -E cmake_link_script CMakeFiles/cmTC_8712a.dir/link.txt --verbose=1
/usr/bin/cc   -DCHECK_FUNCTION_EXISTS=pthread_create    CMakeFiles/cmTC_8712a.dir/CheckFunctionExists.c.o  -o cmTC_8712a -rdynamic -lpthreads 
/usr/bin/ld: cannot find -lpthreads
collect2: error: ld returned 1 exit status
CMakeFiles/cmTC_8712a.dir/build.make:97: recipe for target 'cmTC_8712a' failed
make[1]: *** [cmTC_8712a] Error 1
make[1]: Leaving directory '/home/juntae/CarND-Capstone/ros/build/CMakeFiles/CMakeTmp'
Makefile:126: recipe for target 'cmTC_8712a/fast' failed
make: *** [cmTC_8712a/fast] Error 2


